This file contains any messages produced by compilers while
running configure, to aid debugging if configure makes a mistake.

It was created by libgt configure 0.3.10, which was
generated by GNU Autoconf 2.61.  Invocation command line was

  $ ./configure --disable-shared

## --------- ##
## Platform. ##
## --------- ##

hostname = ruberoid.local
uname -m = i386
uname -r = 10.8.0
uname -s = Darwin
uname -v = Darwin Kernel Version 10.8.0: Tue Jun  7 16:33:36 PDT 2011; root:xnu-1504.15.3~1/RELEASE_I386

/usr/bin/uname -p = i386
/bin/uname -X     = unknown

/bin/arch              = unknown
/usr/bin/arch -k       = unknown
/usr/convex/getsysinfo = unknown
/usr/bin/hostinfo      = Mach kernel version:
	 Darwin Kernel Version 10.8.0: Tue Jun  7 16:33:36 PDT 2011; root:xnu-1504.15.3~1/RELEASE_I386
Kernel configured for up to 2 processors.
2 processors are physically available.
2 processors are logically available.
Processor type: i486 (Intel 80486)
Processors active: 0 1
Primary memory available: 4.00 gigabytes
Default processor set: 88 tasks, 363 threads, 2 processors
Load average: 0.23, Mach factor: 1.75
/bin/machine           = unknown
/usr/bin/oslevel       = unknown
/bin/universe          = unknown

PATH: /opt/local/bin
PATH: /opt/local/sbin
PATH: /usr/bin
PATH: /bin
PATH: /usr/sbin
PATH: /sbin
PATH: /usr/local/bin
PATH: /usr/X11/bin


## ----------- ##
## Core tests. ##
## ----------- ##

configure:1978: checking for a BSD-compatible install
configure:2034: result: /opt/local/bin/ginstall -c
configure:2045: checking whether build environment is sane
configure:2088: result: yes
configure:2116: checking for a thread-safe mkdir -p
configure:2155: result: /opt/local/bin/gmkdir -p
configure:2168: checking for gawk
configure:2184: found /opt/local/bin/gawk
configure:2195: result: gawk
configure:2206: checking whether make sets $(MAKE)
configure:2227: result: yes
configure:2465: checking for gcc
configure:2481: found /usr/bin/gcc
configure:2492: result: gcc
configure:2730: checking for C compiler version
configure:2737: gcc --version >&5
i686-apple-darwin10-gcc-4.2.1 (GCC) 4.2.1 (Apple Inc. build 5666) (dot 3)
Copyright (C) 2007 Free Software Foundation, Inc.
This is free software; see the source for copying conditions.  There is NO
warranty; not even for MERCHANTABILITY or FITNESS FOR A PARTICULAR PURPOSE.

configure:2740: $? = 0
configure:2747: gcc -v >&5
Using built-in specs.
Target: i686-apple-darwin10
Configured with: /var/tmp/gcc/gcc-5666.3~6/src/configure --disable-checking --enable-werror --prefix=/usr --mandir=/share/man --enable-languages=c,objc,c++,obj-c++ --program-transform-name=/^[cg][^.-]*$/s/$/-4.2/ --with-slibdir=/usr/lib --build=i686-apple-darwin10 --program-prefix=i686-apple-darwin10- --host=x86_64-apple-darwin10 --target=i686-apple-darwin10 --with-gxx-include-dir=/include/c++/4.2.1
Thread model: posix
gcc version 4.2.1 (Apple Inc. build 5666) (dot 3)
configure:2750: $? = 0
configure:2757: gcc -V >&5
gcc-4.2: argument to `-V' is missing
configure:2760: $? = 1
configure:2783: checking for C compiler default output file name
configure:2810: gcc    conftest.c  >&5
configure:2813: $? = 0
configure:2851: result: a.out
configure:2868: checking whether the C compiler works
configure:2878: ./a.out
configure:2881: $? = 0
configure:2898: result: yes
configure:2905: checking whether we are cross compiling
configure:2907: result: no
configure:2910: checking for suffix of executables
configure:2917: gcc -o conftest    conftest.c  >&5
configure:2920: $? = 0
configure:2944: result: 
configure:2950: checking for suffix of object files
configure:2976: gcc -c   conftest.c >&5
configure:2979: $? = 0
configure:3002: result: o
configure:3006: checking whether we are using the GNU C compiler
configure:3035: gcc -c   conftest.c >&5
configure:3041: $? = 0
configure:3058: result: yes
configure:3063: checking whether gcc accepts -g
configure:3093: gcc -c -g  conftest.c >&5
configure:3099: $? = 0
configure:3198: result: yes
configure:3215: checking for gcc option to accept ISO C89
configure:3289: gcc  -c -g -O2  conftest.c >&5
configure:3295: $? = 0
configure:3318: result: none needed
configure:3347: checking for style of include used by make
configure:3375: result: GNU
configure:3400: checking dependency style of gcc
configure:3491: result: gcc3
configure:3584: checking build system type
configure:3602: result: i386-apple-darwin10.8.0
configure:3624: checking host system type
configure:3639: result: i386-apple-darwin10.8.0
configure:3661: checking for a sed that does not truncate output
configure:3715: result: /usr/bin/sed
configure:3718: checking for grep that handles long lines and -e
configure:3792: result: /usr/bin/grep
configure:3797: checking for egrep
configure:3875: result: /usr/bin/grep -E
configure:3891: checking for ld used by gcc
configure:3958: result: /usr/libexec/gcc/i686-apple-darwin10/4.2.1/ld
configure:3967: checking if the linker (/usr/libexec/gcc/i686-apple-darwin10/4.2.1/ld) is GNU ld
configure:3982: result: no
configure:3987: checking for /usr/libexec/gcc/i686-apple-darwin10/4.2.1/ld option to reload object files
configure:3994: result: -r
configure:4012: checking for BSD-compatible nm
configure:4061: result: /usr/bin/nm
configure:4065: checking whether ln -s works
configure:4069: result: yes
configure:4076: checking how to recognise dependent libraries
configure:4252: result: pass_all
configure:4486: checking how to run the C preprocessor
configure:4526: gcc -E  conftest.c
configure:4532: $? = 0
configure:4563: gcc -E  conftest.c
conftest.c:10:28: error: ac_nonexistent.h: No such file or directory
configure:4569: $? = 1
configure: failed program was:
| /* confdefs.h.  */
| #define PACKAGE_NAME "libgt"
| #define PACKAGE_TARNAME "libgt"
| #define PACKAGE_VERSION "0.3.10"
| #define PACKAGE_STRING "libgt 0.3.10"
| #define PACKAGE_BUGREPORT "beta_support@guardtime.com"
| #define PACKAGE "libgt"
| #define VERSION "0.3.10"
| /* end confdefs.h.  */
| #include <ac_nonexistent.h>
configure:4602: result: gcc -E
configure:4631: gcc -E  conftest.c
configure:4637: $? = 0
configure:4668: gcc -E  conftest.c
conftest.c:10:28: error: ac_nonexistent.h: No such file or directory
configure:4674: $? = 1
configure: failed program was:
| /* confdefs.h.  */
| #define PACKAGE_NAME "libgt"
| #define PACKAGE_TARNAME "libgt"
| #define PACKAGE_VERSION "0.3.10"
| #define PACKAGE_STRING "libgt 0.3.10"
| #define PACKAGE_BUGREPORT "beta_support@guardtime.com"
| #define PACKAGE "libgt"
| #define VERSION "0.3.10"
| /* end confdefs.h.  */
| #include <ac_nonexistent.h>
configure:4712: checking for ANSI C header files
configure:4742: gcc -c -g -O2  conftest.c >&5
configure:4748: $? = 0
configure:4847: gcc -o conftest -g -O2   conftest.c  >&5
configure:4850: $? = 0
configure:4856: ./conftest
configure:4859: $? = 0
configure:4876: result: yes
configure:4900: checking for sys/types.h
configure:4921: gcc -c -g -O2  conftest.c >&5
configure:4927: $? = 0
configure:4943: result: yes
configure:4900: checking for sys/stat.h
configure:4921: gcc -c -g -O2  conftest.c >&5
configure:4927: $? = 0
configure:4943: result: yes
configure:4900: checking for stdlib.h
configure:4921: gcc -c -g -O2  conftest.c >&5
configure:4927: $? = 0
configure:4943: result: yes
configure:4900: checking for string.h
configure:4921: gcc -c -g -O2  conftest.c >&5
configure:4927: $? = 0
configure:4943: result: yes
configure:4900: checking for memory.h
configure:4921: gcc -c -g -O2  conftest.c >&5
configure:4927: $? = 0
configure:4943: result: yes
configure:4900: checking for strings.h
configure:4921: gcc -c -g -O2  conftest.c >&5
configure:4927: $? = 0
configure:4943: result: yes
configure:4900: checking for inttypes.h
configure:4921: gcc -c -g -O2  conftest.c >&5
configure:4927: $? = 0
configure:4943: result: yes
configure:4900: checking for stdint.h
configure:4921: gcc -c -g -O2  conftest.c >&5
configure:4927: $? = 0
configure:4943: result: yes
configure:4900: checking for unistd.h
configure:4921: gcc -c -g -O2  conftest.c >&5
configure:4927: $? = 0
configure:4943: result: yes
configure:4970: checking dlfcn.h usability
configure:4987: gcc -c -g -O2  conftest.c >&5
configure:4993: $? = 0
configure:5007: result: yes
configure:5011: checking dlfcn.h presence
configure:5026: gcc -E  conftest.c
configure:5032: $? = 0
configure:5046: result: yes
configure:5079: checking for dlfcn.h
configure:5087: result: yes
configure:5158: checking for g++
configure:5174: found /usr/bin/g++
configure:5185: result: g++
configure:5216: checking for C++ compiler version
configure:5223: g++ --version >&5
i686-apple-darwin10-g++-4.2.1 (GCC) 4.2.1 (Apple Inc. build 5666) (dot 3)
Copyright (C) 2007 Free Software Foundation, Inc.
This is free software; see the source for copying conditions.  There is NO
warranty; not even for MERCHANTABILITY or FITNESS FOR A PARTICULAR PURPOSE.

configure:5226: $? = 0
configure:5233: g++ -v >&5
Using built-in specs.
Target: i686-apple-darwin10
Configured with: /var/tmp/gcc/gcc-5666.3~6/src/configure --disable-checking --enable-werror --prefix=/usr --mandir=/share/man --enable-languages=c,objc,c++,obj-c++ --program-transform-name=/^[cg][^.-]*$/s/$/-4.2/ --with-slibdir=/usr/lib --build=i686-apple-darwin10 --program-prefix=i686-apple-darwin10- --host=x86_64-apple-darwin10 --target=i686-apple-darwin10 --with-gxx-include-dir=/include/c++/4.2.1
Thread model: posix
gcc version 4.2.1 (Apple Inc. build 5666) (dot 3)
configure:5236: $? = 0
configure:5243: g++ -V >&5
g++-4.2: argument to `-V' is missing
configure:5246: $? = 1
configure:5249: checking whether we are using the GNU C++ compiler
configure:5278: g++ -c   conftest.cpp >&5
configure:5284: $? = 0
configure:5301: result: yes
configure:5306: checking whether g++ accepts -g
configure:5336: g++ -c -g  conftest.cpp >&5
configure:5342: $? = 0
configure:5441: result: yes
configure:5466: checking dependency style of g++
configure:5557: result: gcc3
configure:5582: checking how to run the C++ preprocessor
configure:5618: g++ -E  conftest.cpp
configure:5624: $? = 0
configure:5655: g++ -E  conftest.cpp
conftest.cpp:21:28: error: ac_nonexistent.h: No such file or directory
configure:5661: $? = 1
configure: failed program was:
| /* confdefs.h.  */
| #define PACKAGE_NAME "libgt"
| #define PACKAGE_TARNAME "libgt"
| #define PACKAGE_VERSION "0.3.10"
| #define PACKAGE_STRING "libgt 0.3.10"
| #define PACKAGE_BUGREPORT "beta_support@guardtime.com"
| #define PACKAGE "libgt"
| #define VERSION "0.3.10"
| #define STDC_HEADERS 1
| #define HAVE_SYS_TYPES_H 1
| #define HAVE_SYS_STAT_H 1
| #define HAVE_STDLIB_H 1
| #define HAVE_STRING_H 1
| #define HAVE_MEMORY_H 1
| #define HAVE_STRINGS_H 1
| #define HAVE_INTTYPES_H 1
| #define HAVE_STDINT_H 1
| #define HAVE_UNISTD_H 1
| #define HAVE_DLFCN_H 1
| /* end confdefs.h.  */
| #include <ac_nonexistent.h>
configure:5694: result: g++ -E
configure:5723: g++ -E  conftest.cpp
configure:5729: $? = 0
configure:5760: g++ -E  conftest.cpp
conftest.cpp:21:28: error: ac_nonexistent.h: No such file or directory
configure:5766: $? = 1
configure: failed program was:
| /* confdefs.h.  */
| #define PACKAGE_NAME "libgt"
| #define PACKAGE_TARNAME "libgt"
| #define PACKAGE_VERSION "0.3.10"
| #define PACKAGE_STRING "libgt 0.3.10"
| #define PACKAGE_BUGREPORT "beta_support@guardtime.com"
| #define PACKAGE "libgt"
| #define VERSION "0.3.10"
| #define STDC_HEADERS 1
| #define HAVE_SYS_TYPES_H 1
| #define HAVE_SYS_STAT_H 1
| #define HAVE_STDLIB_H 1
| #define HAVE_STRING_H 1
| #define HAVE_MEMORY_H 1
| #define HAVE_STRINGS_H 1
| #define HAVE_INTTYPES_H 1
| #define HAVE_STDINT_H 1
| #define HAVE_UNISTD_H 1
| #define HAVE_DLFCN_H 1
| /* end confdefs.h.  */
| #include <ac_nonexistent.h>
configure:5859: checking for g77
configure:5889: result: no
configure:5859: checking for xlf
configure:5889: result: no
configure:5859: checking for f77
configure:5889: result: no
configure:5859: checking for frt
configure:5889: result: no
configure:5859: checking for pgf77
configure:5889: result: no
configure:5859: checking for cf77
configure:5889: result: no
configure:5859: checking for fort77
configure:5889: result: no
configure:5859: checking for fl32
configure:5889: result: no
configure:5859: checking for af77
configure:5889: result: no
configure:5859: checking for xlf90
configure:5889: result: no
configure:5859: checking for f90
configure:5889: result: no
configure:5859: checking for pgf90
configure:5889: result: no
configure:5859: checking for pghpf
configure:5889: result: no
configure:5859: checking for epcf90
configure:5889: result: no
configure:5859: checking for gfortran
configure:5889: result: no
configure:5859: checking for g95
configure:5889: result: no
configure:5859: checking for xlf95
configure:5889: result: no
configure:5859: checking for f95
configure:5889: result: no
configure:5859: checking for fort
configure:5889: result: no
configure:5859: checking for ifort
configure:5889: result: no
configure:5859: checking for ifc
configure:5889: result: no
configure:5859: checking for efc
configure:5889: result: no
configure:5859: checking for pgf95
configure:5889: result: no
configure:5859: checking for lf95
configure:5889: result: no
configure:5859: checking for ftn
configure:5889: result: no
configure:5916: checking for Fortran 77 compiler version
configure:5923:  --version >&5
./configure: line 5924: --version: command not found
configure:5926: $? = 127
configure:5933:  -v >&5
./configure: line 5934: -v: command not found
configure:5936: $? = 127
configure:5943:  -V >&5
./configure: line 5944: -V: command not found
configure:5946: $? = 127
configure:5954: checking whether we are using the GNU Fortran 77 compiler
configure:5973:  -c  conftest.F >&5
./configure: line 5974: -c: command not found
configure:5979: $? = 127
configure: failed program was:
|       program main
| #ifndef __GNUC__
|        choke me
| #endif
| 
|       end
configure:5996: result: no
configure:6002: checking whether  accepts -g
configure:6019:  -c -g conftest.f >&5
./configure: line 6020: -c: command not found
configure:6025: $? = 127
configure: failed program was:
|       program main
| 
|       end
configure:6041: result: no
configure:6071: checking the maximum length of command line arguments
configure:6180: result: 196608
configure:6191: checking command to parse /usr/bin/nm output from gcc object
configure:6296: gcc -c -g -O2  conftest.c >&5
configure:6299: $? = 0
configure:6303: /usr/bin/nm conftest.o \| sed -n -e 's/^.*[ 	]\([BCDEGRST][BCDEGRST]*\)[ 	][ 	]*\([_A-Za-z][_A-Za-z0-9]*\)$/\1 \2 \2/p' \> conftest.nm
configure:6306: $? = 0
cannot find nm_test_var in conftest.nm
configure:6296: gcc -c -g -O2  conftest.c >&5
configure:6299: $? = 0
configure:6303: /usr/bin/nm conftest.o \| sed -n -e 's/^.*[ 	]\([BCDEGRST][BCDEGRST]*\)[ 	][ 	]*_\([_A-Za-z][_A-Za-z0-9]*\)$/\1 _\2 \2/p' \> conftest.nm
configure:6306: $? = 0
configure:6358: gcc -o conftest -g -O2   conftest.c conftstm.o >&5
configure:6361: $? = 0
configure:6399: result: ok
configure:6403: checking for objdir
configure:6418: result: .libs
configure:6510: checking for ar
configure:6526: found /usr/bin/ar
configure:6537: result: ar
configure:6606: checking for ranlib
configure:6622: found /usr/bin/ranlib
configure:6633: result: ranlib
configure:6702: checking for strip
configure:6718: found /usr/bin/strip
configure:6729: result: strip
configure:7015: checking if gcc supports -fno-rtti -fno-exceptions
configure:7033: gcc -c -g -O2  -fno-rtti -fno-exceptions conftest.c >&5
cc1: warning: command line option "-fno-rtti" is valid for C++/ObjC++ but not for C
configure:7037: $? = 0
configure:7050: result: no
configure:7065: checking for gcc option to produce PIC
configure:7275: result: -fno-common
configure:7283: checking if gcc PIC flag -fno-common works
configure:7301: gcc -c -g -O2  -fno-common -DPIC conftest.c >&5
configure:7305: $? = 0
configure:7318: result: yes
configure:7346: checking if gcc static flag -static works
configure:7374: result: no
configure:7384: checking if gcc supports -c -o file.o
configure:7405: gcc -c -g -O2  -o out/conftest2.o conftest.c >&5
configure:7409: $? = 0
configure:7431: result: yes
configure:7457: checking whether the gcc linker (/usr/libexec/gcc/i686-apple-darwin10/4.2.1/ld) supports shared libraries
configure:8412: result: yes
configure:8479: checking dynamic linker characteristics
configure:9055: result: darwin10.8.0 dyld
configure:9064: checking how to hardcode library paths into programs
configure:9089: result: immediate
configure:9103: checking whether stripping libraries is possible
configure:9116: result: yes
configure:9909: checking if libtool supports shared libraries
configure:9911: result: yes
configure:9914: checking whether to build shared libraries
configure:9935: result: no
configure:9938: checking whether to build static libraries
configure:9942: result: yes
configure:10034: creating libtool
configure:10622: checking for ld used by g++
configure:10689: result: /usr/libexec/gcc/i686-apple-darwin10/4.2.1/ld
configure:10698: checking if the linker (/usr/libexec/gcc/i686-apple-darwin10/4.2.1/ld) is GNU ld
configure:10713: result: no
configure:10764: checking whether the g++ linker (/usr/libexec/gcc/i686-apple-darwin10/4.2.1/ld) supports shared libraries
configure:11698: result: yes
configure:11716: g++ -c -g -O2  conftest.cpp >&5
configure:11719: $? = 0
configure:11838: checking for g++ option to produce PIC
configure:12112: result: -fno-common
configure:12120: checking if g++ PIC flag -fno-common works
configure:12138: g++ -c -g -O2  -fno-common -DPIC conftest.cpp >&5
configure:12142: $? = 0
configure:12155: result: yes
configure:12183: checking if g++ static flag -static works
configure:12211: result: no
configure:12221: checking if g++ supports -c -o file.o
configure:12242: g++ -c -g -O2  -o out/conftest2.o conftest.cpp >&5
configure:12246: $? = 0
configure:12268: result: yes
configure:12294: checking whether the g++ linker (/usr/libexec/gcc/i686-apple-darwin10/4.2.1/ld) supports shared libraries
configure:12322: result: yes
configure:12389: checking dynamic linker characteristics
configure:12965: result: darwin10.8.0 dyld
configure:12974: checking how to hardcode library paths into programs
configure:12999: result: immediate
configure:19120: checking for curl_global_init in -lcurl
configure:19155: gcc -o conftest -g -O2   conftest.c -lcurl   >&5
configure:19161: $? = 0
configure:19179: result: yes
configure:19191: checking for SHA256_Init in -lcrypto
configure:19226: gcc -o conftest -g -O2   conftest.c -lcrypto  -lcurl  >&5
configure:19232: $? = 0
configure:19250: result: yes
configure:19421: creating ./config.status

## ---------------------- ##
## Running config.status. ##
## ---------------------- ##

This file was extended by libgt config.status 0.3.10, which was
generated by GNU Autoconf 2.61.  Invocation command line was

  CONFIG_FILES    = 
  CONFIG_HEADERS  = 
  CONFIG_LINKS    = 
  CONFIG_COMMANDS = 
  $ ./config.status 

on ruberoid.local

config.status:648: creating GNUmakefile
config.status:648: creating src/base/GNUmakefile
config.status:648: creating src/http/GNUmakefile
config.status:648: creating src/png/GNUmakefile
config.status:648: creating doc/GNUmakefile
config.status:839: executing depfiles commands

## ---------------- ##
## Cache variables. ##
## ---------------- ##

ac_cv_build=i386-apple-darwin10.8.0
ac_cv_c_compiler_gnu=yes
ac_cv_cxx_compiler_gnu=yes
ac_cv_env_CCC_set=
ac_cv_env_CCC_value=
ac_cv_env_CC_set=
ac_cv_env_CC_value=
ac_cv_env_CFLAGS_set=
ac_cv_env_CFLAGS_value=
ac_cv_env_CPPFLAGS_set=
ac_cv_env_CPPFLAGS_value=
ac_cv_env_CPP_set=
ac_cv_env_CPP_value=
ac_cv_env_CXXCPP_set=
ac_cv_env_CXXCPP_value=
ac_cv_env_CXXFLAGS_set=
ac_cv_env_CXXFLAGS_value=
ac_cv_env_CXX_set=
ac_cv_env_CXX_value=
ac_cv_env_F77_set=
ac_cv_env_F77_value=
ac_cv_env_FFLAGS_set=
ac_cv_env_FFLAGS_value=
ac_cv_env_LDFLAGS_set=
ac_cv_env_LDFLAGS_value=
ac_cv_env_LIBS_set=
ac_cv_env_LIBS_value=
ac_cv_env_build_alias_set=
ac_cv_env_build_alias_value=
ac_cv_env_host_alias_set=
ac_cv_env_host_alias_value=
ac_cv_env_target_alias_set=
ac_cv_env_target_alias_value=
ac_cv_f77_compiler_gnu=no
ac_cv_header_dlfcn_h=yes
ac_cv_header_inttypes_h=yes
ac_cv_header_memory_h=yes
ac_cv_header_stdc=yes
ac_cv_header_stdint_h=yes
ac_cv_header_stdlib_h=yes
ac_cv_header_string_h=yes
ac_cv_header_strings_h=yes
ac_cv_header_sys_stat_h=yes
ac_cv_header_sys_types_h=yes
ac_cv_header_unistd_h=yes
ac_cv_host=i386-apple-darwin10.8.0
ac_cv_lib_crypto_SHA256_Init=yes
ac_cv_lib_curl_curl_global_init=yes
ac_cv_objext=o
ac_cv_path_EGREP='/usr/bin/grep -E'
ac_cv_path_GREP=/usr/bin/grep
ac_cv_path_install='/opt/local/bin/ginstall -c'
ac_cv_path_mkdir=/opt/local/bin/gmkdir
ac_cv_prog_AWK=gawk
ac_cv_prog_CPP='gcc -E'
ac_cv_prog_CXXCPP='g++ -E'
ac_cv_prog_ac_ct_AR=ar
ac_cv_prog_ac_ct_CC=gcc
ac_cv_prog_ac_ct_CXX=g++
ac_cv_prog_ac_ct_RANLIB=ranlib
ac_cv_prog_ac_ct_STRIP=strip
ac_cv_prog_cc_c89=
ac_cv_prog_cc_g=yes
ac_cv_prog_cxx_g=yes
ac_cv_prog_f77_g=no
ac_cv_prog_make_make_set=yes
am_cv_CC_dependencies_compiler_type=gcc3
am_cv_CXX_dependencies_compiler_type=gcc3
lt_cv_deplibs_check_method=pass_all
lt_cv_file_magic_cmd='$MAGIC_CMD'
lt_cv_file_magic_test_file=
lt_cv_ld_reload_flag=-r
lt_cv_objdir=.libs
lt_cv_path_LD=/usr/libexec/gcc/i686-apple-darwin10/4.2.1/ld
lt_cv_path_LDCXX=/usr/libexec/gcc/i686-apple-darwin10/4.2.1/ld
lt_cv_path_NM=/usr/bin/nm
lt_cv_path_SED=/usr/bin/sed
lt_cv_prog_compiler_c_o=yes
lt_cv_prog_compiler_c_o_CXX=yes
lt_cv_prog_compiler_rtti_exceptions=no
lt_cv_prog_gnu_ld=no
lt_cv_prog_gnu_ldcxx=no
lt_cv_sys_global_symbol_pipe='sed -n -e '\''s/^.*[ 	]\([BCDEGRST][BCDEGRST]*\)[ 	][ 	]*_\([_A-Za-z][_A-Za-z0-9]*\)$/\1 _\2 \2/p'\'''
lt_cv_sys_global_symbol_to_c_name_address='sed -n -e '\''s/^: \([^ ]*\) $/  {\"\1\", (lt_ptr) 0},/p'\'' -e '\''s/^[BCDEGRST] \([^ ]*\) \([^ ]*\)$/  {"\2", (lt_ptr) \&\2},/p'\'''
lt_cv_sys_global_symbol_to_cdecl='sed -n -e '\''s/^. .* \(.*\)$/extern int \1;/p'\'''
lt_cv_sys_max_cmd_len=196608
lt_lt_cv_prog_compiler_c_o='"yes"'
lt_lt_cv_prog_compiler_c_o_CXX='"yes"'
lt_lt_cv_sys_global_symbol_pipe='"sed -n -e '\''s/^.*[ 	]\\([BCDEGRST][BCDEGRST]*\\)[ 	][ 	]*_\\([_A-Za-z][_A-Za-z0-9]*\\)\$/\\1 _\\2 \\2/p'\''"'
lt_lt_cv_sys_global_symbol_to_c_name_address='"sed -n -e '\''s/^: \\([^ ]*\\) \$/  {\\\"\\1\\\", (lt_ptr) 0},/p'\'' -e '\''s/^[BCDEGRST] \\([^ ]*\\) \\([^ ]*\\)\$/  {\"\\2\", (lt_ptr) \\&\\2},/p'\''"'
lt_lt_cv_sys_global_symbol_to_cdecl='"sed -n -e '\''s/^. .* \\(.*\\)\$/extern int \\1;/p'\''"'

## ----------------- ##
## Output variables. ##
## ----------------- ##

ACLOCAL='${SHELL} /Users/risto/node/gt/libgt-0.3.10/config/missing --run aclocal-1.10'
AMDEPBACKSLASH='\'
AMDEP_FALSE='#'
AMDEP_TRUE=''
AMTAR='${SHELL} /Users/risto/node/gt/libgt-0.3.10/config/missing --run tar'
AR='ar'
AUTOCONF='${SHELL} /Users/risto/node/gt/libgt-0.3.10/config/missing --run autoconf'
AUTOHEADER='${SHELL} /Users/risto/node/gt/libgt-0.3.10/config/missing --run autoheader'
AUTOMAKE='${SHELL} /Users/risto/node/gt/libgt-0.3.10/config/missing --run automake-1.10'
AWK='gawk'
CC='gcc'
CCDEPMODE='depmode=gcc3'
CFLAGS='-g -O2'
CPP='gcc -E'
CPPFLAGS=''
CXX='g++'
CXXCPP='g++ -E'
CXXDEPMODE='depmode=gcc3'
CXXFLAGS='-g -O2'
CYGPATH_W='echo'
DEFS='-DPACKAGE_NAME=\"libgt\" -DPACKAGE_TARNAME=\"libgt\" -DPACKAGE_VERSION=\"0.3.10\" -DPACKAGE_STRING=\"libgt\ 0.3.10\" -DPACKAGE_BUGREPORT=\"beta_support@guardtime.com\" -DPACKAGE=\"libgt\" -DVERSION=\"0.3.10\" -DSTDC_HEADERS=1 -DHAVE_SYS_TYPES_H=1 -DHAVE_SYS_STAT_H=1 -DHAVE_STDLIB_H=1 -DHAVE_STRING_H=1 -DHAVE_MEMORY_H=1 -DHAVE_STRINGS_H=1 -DHAVE_INTTYPES_H=1 -DHAVE_STDINT_H=1 -DHAVE_UNISTD_H=1 -DHAVE_DLFCN_H=1 -DHAVE_LIBCURL=1 -DHAVE_LIBCRYPTO=1'
DEPDIR='.deps'
ECHO='/bin/echo'
ECHO_C='ECHO_N=''
ECHO_T=''
EGREP='/usr/bin/grep -E'
EXEEXT=''
F77=''
FFLAGS=''
GREP='/usr/bin/grep'
INSTALL_DATA='${INSTALL} -m 644'
INSTALL_PROGRAM='${INSTALL}'
INSTALL_SCRIPT='${INSTALL}'
INSTALL_STRIP_PROGRAM='$(install_sh) -c -s'
LDFLAGS=''
LIBOBJS=''
LIBS='-lcrypto -lcurl '
LIBTOOL='$(SHELL) $(top_builddir)/libtool'
LN_S='ln -s'
LTLIBOBJS=''
MAKEINFO='${SHELL} /Users/risto/node/gt/libgt-0.3.10/config/missing --run makeinfo'
OBJEXT='o'
PACKAGE='libgt'
PACKAGE_BUGREPORT='beta_support@guardtime.com'
PACKAGE_NAME='libgt'
PACKAGE_STRING='libgt 0.3.10'
PACKAGE_TARNAME='libgt'
PACKAGE_VERSION='0.3.10'
PATH_SEPARATOR=':'
RANLIB='ranlib'
SET_MAKE=''
SHELL='/bin/sh'
STRIP='strip'
VERSION='0.3.10'
ac_ct_CC='gcc'
ac_ct_CXX='g++'
ac_ct_F77=''
am__fastdepCC_FALSE='#'
am__fastdepCC_TRUE=''
am__fastdepCXX_FALSE='#'
am__fastdepCXX_TRUE=''
am__include='include'
am__isrc=''
am__leading_dot='.'
am__quote=''
am__tar='${AMTAR} chof - "$$tardir"'
am__untar='${AMTAR} xf -'
bindir='${exec_prefix}/bin'
build='i386-apple-darwin10.8.0'
build_alias=''
build_cpu='i386'
build_os='darwin10.8.0'
build_vendor='apple'
datadir='${datarootdir}'
datarootdir='${prefix}/share'
docdir='${datarootdir}/doc/${PACKAGE_TARNAME}'
dvidir='${docdir}'
exec_prefix='${prefix}'
host='i386-apple-darwin10.8.0'
host_alias=''
host_cpu='i386'
host_os='darwin10.8.0'
host_vendor='apple'
htmldir='${docdir}'
includedir='${prefix}/include'
infodir='${datarootdir}/info'
install_sh='$(SHELL) /Users/risto/node/gt/libgt-0.3.10/config/install-sh'
libdir='${exec_prefix}/lib'
libexecdir='${exec_prefix}/libexec'
localedir='${datarootdir}/locale'
localstatedir='${prefix}/var'
mandir='${datarootdir}/man'
mkdir_p='/opt/local/bin/gmkdir -p'
oldincludedir='/usr/include'
pdfdir='${docdir}'
prefix='/usr/local'
program_transform_name='s,x,x,'
psdir='${docdir}'
sbindir='${exec_prefix}/sbin'
sharedstatedir='${prefix}/com'
sysconfdir='${prefix}/etc'
target_alias=''

## ----------- ##
## confdefs.h. ##
## ----------- ##

#define PACKAGE_NAME "libgt"
#define PACKAGE_TARNAME "libgt"
#define PACKAGE_VERSION "0.3.10"
#define PACKAGE_STRING "libgt 0.3.10"
#define PACKAGE_BUGREPORT "beta_support@guardtime.com"
#define PACKAGE "libgt"
#define VERSION "0.3.10"
#define STDC_HEADERS 1
#define HAVE_SYS_TYPES_H 1
#define HAVE_SYS_STAT_H 1
#define HAVE_STDLIB_H 1
#define HAVE_STRING_H 1
#define HAVE_MEMORY_H 1
#define HAVE_STRINGS_H 1
#define HAVE_INTTYPES_H 1
#define HAVE_STDINT_H 1
#define HAVE_UNISTD_H 1
#define HAVE_DLFCN_H 1
#define HAVE_LIBCURL 1
#define HAVE_LIBCRYPTO 1

configure: exit 0
